Using pre-set license
Built from '2020.3/release' branch; Version is '2020.3.15f2 (6cf78cb77498) revision 7141260'; Using compiler version '192528614'; Build Type 'Release'
OS: 'Windows 10 Home Single Language; OS build 19042.1165; Version 2009; 64bit' Language: 'en' Physical Memory: 8013 MB
BatchMode: 1, IsHumanControllingUs: 0, StartBugReporterOnCrash: 0, Is64bit: 1, IsPro: 0

 COMMAND LINE ARGUMENTS:
C:\Program Files\Unity\Hub\Editor\2020.3.15f2\Editor\Unity.exe
-adb2
-batchMode
-noUpm
-name
AssetImportWorker0
-projectPath
C:/Users/Elias/Characters Sketch
-logFile
Logs/AssetImportWorker0.log
-srvPort
61483
Successfully changed project path to: C:/Users/Elias/Characters Sketch
C:/Users/Elias/Characters Sketch
Using Asset Import Pipeline V2.
Refreshing native plugins compatible for Editor in 39.00 ms, found 3 plugins.
Preloading 0 native plugins for Editor in 0.00 ms.
Initialize engine version: 2020.3.15f2 (6cf78cb77498)
[Subsystems] Discovering subsystems at path C:/Program Files/Unity/Hub/Editor/2020.3.15f2/Editor/Data/Resources/UnitySubsystems
[Subsystems] Discovering subsystems at path C:/Users/Elias/Characters Sketch/Assets
GfxDevice: creating device client; threaded=0
Direct3D:
    Version:  Direct3D 11.0 [level 11.1]
    Renderer: NVIDIA GeForce GTX 1650 with Max-Q Design (ID=0x1f9d)
    Vendor:   
    VRAM:     3962 MB
    Driver:   30.0.14.7168
Initialize mono
Mono path[0] = 'C:/Program Files/Unity/Hub/Editor/2020.3.15f2/Editor/Data/Managed'
Mono path[1] = 'C:/Program Files/Unity/Hub/Editor/2020.3.15f2/Editor/Data/MonoBleedingEdge/lib/mono/unityjit'
Mono config path = 'C:/Program Files/Unity/Hub/Editor/2020.3.15f2/Editor/Data/MonoBleedingEdge/etc'
Using monoOptions --debugger-agent=transport=dt_socket,embedding=1,server=y,suspend=n,address=127.0.0.1:56504
Begin MonoManager ReloadAssembly
Registering precompiled unity dll's ...
Register platform support module: C:/Program Files/Unity/Hub/Editor/2020.3.15f2/Editor/Data/PlaybackEngines/WebGLSupport/UnityEditor.WebGL.Extensions.dll
Register platform support module: C:/Program Files/Unity/Hub/Editor/2020.3.15f2/Editor/Data/PlaybackEngines/WindowsStandaloneSupport/UnityEditor.WindowsStandalone.Extensions.dll
Registered in 0.002132 seconds.
Native extension for WindowsStandalone target not found
Native extension for WebGL target not found
Refreshing native plugins compatible for Editor in 39.16 ms, found 3 plugins.
Preloading 0 native plugins for Editor in 0.00 ms.
Mono: successfully reloaded assembly
- Completed reload, in  1.072 seconds
Domain Reload Profiling:
	ReloadAssembly (1073ms)
		BeginReloadAssembly (47ms)
			ExecutionOrderSort (0ms)
			DisableScriptedObjects (0ms)
			BackupInstance (0ms)
			ReleaseScriptingObjects (0ms)
			CreateAndSetChildDomain (1ms)
		EndReloadAssembly (387ms)
			LoadAssemblies (45ms)
			RebuildTransferFunctionScriptingTraits (0ms)
			SetupTypeCache (137ms)
			ReleaseScriptCaches (0ms)
			RebuildScriptCaches (32ms)
			SetupLoadedEditorAssemblies (152ms)
				LogAssemblyErrors (0ms)
				InitializePlatformSupportModulesInManaged (5ms)
				SetLoadedEditorAssemblies (0ms)
				RefreshPlugins (39ms)
				BeforeProcessingInitializeOnLoad (13ms)
				ProcessInitializeOnLoadAttributes (71ms)
				ProcessInitializeOnLoadMethodAttributes (24ms)
				AfterProcessingInitializeOnLoad (0ms)
				EditorAssembliesLoaded (0ms)
			ExecutionOrderSort2 (0ms)
			AwakeInstancesAfterBackupRestoration (0ms)
Platform modules already initialized, skipping
Registering precompiled user dll's ...
Registered in 0.003635 seconds.
Begin MonoManager ReloadAssembly
Native extension for WindowsStandalone target not found
Native extension for WebGL target not found
Refreshing native plugins compatible for Editor in 37.11 ms, found 3 plugins.
Preloading 0 native plugins for Editor in 0.00 ms.
Mono: successfully reloaded assembly
- Completed reload, in  1.182 seconds
Domain Reload Profiling:
	ReloadAssembly (1183ms)
		BeginReloadAssembly (129ms)
			ExecutionOrderSort (0ms)
			DisableScriptedObjects (4ms)
			BackupInstance (0ms)
			ReleaseScriptingObjects (0ms)
			CreateAndSetChildDomain (16ms)
		EndReloadAssembly (994ms)
			LoadAssemblies (83ms)
			RebuildTransferFunctionScriptingTraits (0ms)
			SetupTypeCache (339ms)
			ReleaseScriptCaches (0ms)
			RebuildScriptCaches (44ms)
			SetupLoadedEditorAssemblies (398ms)
				LogAssemblyErrors (0ms)
				InitializePlatformSupportModulesInManaged (4ms)
				SetLoadedEditorAssemblies (0ms)
				RefreshPlugins (37ms)
				BeforeProcessingInitializeOnLoad (83ms)
				ProcessInitializeOnLoadAttributes (256ms)
				ProcessInitializeOnLoadMethodAttributes (11ms)
				AfterProcessingInitializeOnLoad (6ms)
				EditorAssembliesLoaded (0ms)
			ExecutionOrderSort2 (0ms)
			AwakeInstancesAfterBackupRestoration (6ms)
Platform modules already initialized, skipping
========================================================================
Worker process is ready to serve import requests
Launched and connected shader compiler UnityShaderCompiler.exe after 0.07 seconds
Refreshing native plugins compatible for Editor in 0.41 ms, found 3 plugins.
Preloading 0 native plugins for Editor in 0.00 ms.
Unloading 2090 Unused Serialized files (Serialized files now loaded: 0)
System memory in use before: 93.1 MB.
System memory in use after: 93.0 MB.

Unloading 33 unused Assets to reduce memory usage. Loaded Objects now: 2523.
Total: 2.555400 ms (FindLiveObjects: 0.206900 ms CreateObjectMapping: 0.096400 ms MarkObjects: 2.133600 ms  DeleteObjects: 0.117500 ms)

AssetImportParameters requested are different than current active one (requested -> active):
  custom:framework-win-MediaFoundation: 216162199b28c13a410421893ffa2e32 -> 
  custom:video-decoder-ogg-theora: a1e56fd34408186e4bbccfd4996cb3dc -> 
  custom:container-muxer-webm: aa71ff27fc2769a1b78a27578f13a17b -> 
  custom:container-demuxer-webm: 4f35f7cbe854078d1ac9338744f61a02 -> 
  custom:container-demuxer-ogg: 62fdf1f143b41e24485cea50d1cbac27 -> 
  custom:video-encoder-webm-vp8: eb34c28f22e8b96e1ab97ce403110664 -> 
  custom:video-decoder-webm-vp8: 9c59270c3fd7afecdb556c50c9e8de78 -> 
  custom:audio-decoder-ogg-vorbis: bf7c407c2cedff20999df2af8eb42d56 -> 
  custom:audio-encoder-webm-vorbis: bf7c407c2cedff20999df2af8eb42d56 -> 
========================================================================
Received Import Request.
  path: Assets/Sprites/Martial Hero/Death.png
  artifactKey: Guid(a15fc1a2f6a2f84458d9f74b9720f8f6) Importer(815301076,1909f56bfc062723c751e8b465ee728b)
Start importing Assets/Sprites/Martial Hero/Death.png using Guid(a15fc1a2f6a2f84458d9f74b9720f8f6) Importer(815301076,1909f56bfc062723c751e8b465ee728b)  -> (artifact id: '1bbc4a73c13712f22ab30e2fccec0f72') in 0.113611 seconds 
  Import took 0.117181 seconds .

========================================================================
Received Import Request.
  Time since last request: 8.220842 seconds.
  path: Assets/Sprites/Martial Hero/Death.png
  artifactKey: Guid(a15fc1a2f6a2f84458d9f74b9720f8f6) Importer(815301076,1909f56bfc062723c751e8b465ee728b)
Start importing Assets/Sprites/Martial Hero/Death.png using Guid(a15fc1a2f6a2f84458d9f74b9720f8f6) Importer(815301076,1909f56bfc062723c751e8b465ee728b)  -> (artifact id: 'aa3d56604804d17eef78ec422986c62c') in 0.029936 seconds 
  Import took 0.035617 seconds .

========================================================================
Received Import Request.
  Time since last request: 5.440847 seconds.
  path: Assets/Sprites/Martial Hero/Death.png
  artifactKey: Guid(a15fc1a2f6a2f84458d9f74b9720f8f6) Importer(815301076,1909f56bfc062723c751e8b465ee728b)
Start importing Assets/Sprites/Martial Hero/Death.png using Guid(a15fc1a2f6a2f84458d9f74b9720f8f6) Importer(815301076,1909f56bfc062723c751e8b465ee728b)  -> (artifact id: '3cfa888f87bb1ea538f533557f0216b9') in 0.098303 seconds 
  Import took 0.114797 seconds .

========================================================================
Received Import Request.
  Time since last request: 18.805167 seconds.
  path: Assets/Sprites/Martial Hero/Death.png
  artifactKey: Guid(a15fc1a2f6a2f84458d9f74b9720f8f6) Importer(815301076,1909f56bfc062723c751e8b465ee728b)
Start importing Assets/Sprites/Martial Hero/Death.png using Guid(a15fc1a2f6a2f84458d9f74b9720f8f6) Importer(815301076,1909f56bfc062723c751e8b465ee728b)  -> (artifact id: '0d2e8f8b91638cc40e699763724c2a44') in 0.029727 seconds 
  Import took 0.034310 seconds .

========================================================================
Received Import Request.
  Time since last request: 37.956502 seconds.
  path: Assets/Sprites/Martial Hero/Death.png
  artifactKey: Guid(a15fc1a2f6a2f84458d9f74b9720f8f6) Importer(815301076,1909f56bfc062723c751e8b465ee728b)
Start importing Assets/Sprites/Martial Hero/Death.png using Guid(a15fc1a2f6a2f84458d9f74b9720f8f6) Importer(815301076,1909f56bfc062723c751e8b465ee728b)  -> (artifact id: '64477a7cccdaff29fd5a3315677be54c') in 0.028829 seconds 
  Import took 0.034288 seconds .

========================================================================
Received Import Request.
  Time since last request: 32.885221 seconds.
  path: Assets/Sprites/Martial Hero/Death.png
  artifactKey: Guid(a15fc1a2f6a2f84458d9f74b9720f8f6) Importer(815301076,1909f56bfc062723c751e8b465ee728b)
Start importing Assets/Sprites/Martial Hero/Death.png using Guid(a15fc1a2f6a2f84458d9f74b9720f8f6) Importer(815301076,1909f56bfc062723c751e8b465ee728b)  -> (artifact id: '2151832e1ceb1dba690ceecc7994da12') in 0.033315 seconds 
  Import took 0.038631 seconds .

========================================================================
Received Import Request.
  Time since last request: 4.999566 seconds.
  path: Assets/Sprites/Martial Hero/Death.png
  artifactKey: Guid(a15fc1a2f6a2f84458d9f74b9720f8f6) Importer(815301076,1909f56bfc062723c751e8b465ee728b)
Start importing Assets/Sprites/Martial Hero/Death.png using Guid(a15fc1a2f6a2f84458d9f74b9720f8f6) Importer(815301076,1909f56bfc062723c751e8b465ee728b)  -> (artifact id: 'feb4d09103419a87f41b5788fb6c801c') in 0.048473 seconds 
  Import took 0.054372 seconds .

========================================================================
Received Import Request.
  Time since last request: 29.545387 seconds.
  path: Assets/Sprites/Martial Hero/Death.png
  artifactKey: Guid(a15fc1a2f6a2f84458d9f74b9720f8f6) Importer(815301076,1909f56bfc062723c751e8b465ee728b)
Start importing Assets/Sprites/Martial Hero/Death.png using Guid(a15fc1a2f6a2f84458d9f74b9720f8f6) Importer(815301076,1909f56bfc062723c751e8b465ee728b)  -> (artifact id: '6e3b3e8689d1ed2834c38a09f42b1455') in 0.033660 seconds 
  Import took 0.182635 seconds .

========================================================================
Received Import Request.
  Time since last request: 12.982016 seconds.
  path: Assets/Sprites/Martial Hero/Death.png
  artifactKey: Guid(a15fc1a2f6a2f84458d9f74b9720f8f6) Importer(815301076,1909f56bfc062723c751e8b465ee728b)
Start importing Assets/Sprites/Martial Hero/Death.png using Guid(a15fc1a2f6a2f84458d9f74b9720f8f6) Importer(815301076,1909f56bfc062723c751e8b465ee728b)  -> (artifact id: '3fb2bc05433ec27e3b9db1d69553ab8a') in 0.031138 seconds 
  Import took 0.035278 seconds .

========================================================================
Received Import Request.
  Time since last request: 9.718316 seconds.
  path: Assets/Sprites/Martial Hero/Death.png
  artifactKey: Guid(a15fc1a2f6a2f84458d9f74b9720f8f6) Importer(815301076,1909f56bfc062723c751e8b465ee728b)
Start importing Assets/Sprites/Martial Hero/Death.png using Guid(a15fc1a2f6a2f84458d9f74b9720f8f6) Importer(815301076,1909f56bfc062723c751e8b465ee728b)  -> (artifact id: 'a4b2548f7bf34f1631b1af826bfa54ac') in 0.029581 seconds 
  Import took 0.034009 seconds .

========================================================================
Received Import Request.
  Time since last request: 3.776671 seconds.
  path: Assets/Sprites/Martial Hero/Death.png
  artifactKey: Guid(a15fc1a2f6a2f84458d9f74b9720f8f6) Importer(815301076,1909f56bfc062723c751e8b465ee728b)
Start importing Assets/Sprites/Martial Hero/Death.png using Guid(a15fc1a2f6a2f84458d9f74b9720f8f6) Importer(815301076,1909f56bfc062723c751e8b465ee728b)  -> (artifact id: '21806618830e00d9b1616822f76c5027') in 0.037308 seconds 
  Import took 0.042133 seconds .

========================================================================
Received Import Request.
  Time since last request: 104.069287 seconds.
  path: Assets/Sprites/Martial Hero/Death.png
  artifactKey: Guid(a15fc1a2f6a2f84458d9f74b9720f8f6) Importer(815301076,1909f56bfc062723c751e8b465ee728b)
Start importing Assets/Sprites/Martial Hero/Death.png using Guid(a15fc1a2f6a2f84458d9f74b9720f8f6) Importer(815301076,1909f56bfc062723c751e8b465ee728b)  -> (artifact id: 'ee0237230c6ffe3f3aaee6cecf49d189') in 0.102273 seconds 
  Import took 0.129354 seconds .

========================================================================
Received Import Request.
  Time since last request: 23.810503 seconds.
  path: Assets/Sprites/Martial Hero/Death.png
  artifactKey: Guid(a15fc1a2f6a2f84458d9f74b9720f8f6) Importer(815301076,1909f56bfc062723c751e8b465ee728b)
Start importing Assets/Sprites/Martial Hero/Death.png using Guid(a15fc1a2f6a2f84458d9f74b9720f8f6) Importer(815301076,1909f56bfc062723c751e8b465ee728b)  -> (artifact id: 'ffcb2eee48fdf6da9b21d17698223bcc') in 0.036996 seconds 
  Import took 0.046147 seconds .

========================================================================
Received Import Request.
  Time since last request: 9.026934 seconds.
  path: Assets/Sprites/Martial Hero/Death.png
  artifactKey: Guid(a15fc1a2f6a2f84458d9f74b9720f8f6) Importer(815301076,1909f56bfc062723c751e8b465ee728b)
Start importing Assets/Sprites/Martial Hero/Death.png using Guid(a15fc1a2f6a2f84458d9f74b9720f8f6) Importer(815301076,1909f56bfc062723c751e8b465ee728b)  -> (artifact id: '368fedc87d09ab598e6a1d43769d9f9c') in 0.033081 seconds 
  Import took 0.037907 seconds .

========================================================================
Received Import Request.
  Time since last request: 9.983998 seconds.
  path: Assets/Sprites/Martial Hero/Death.png
  artifactKey: Guid(a15fc1a2f6a2f84458d9f74b9720f8f6) Importer(815301076,1909f56bfc062723c751e8b465ee728b)
Start importing Assets/Sprites/Martial Hero/Death.png using Guid(a15fc1a2f6a2f84458d9f74b9720f8f6) Importer(815301076,1909f56bfc062723c751e8b465ee728b)  -> (artifact id: '60cb38489d2772360248b2d9e9d6c705') in 0.029371 seconds 
  Import took 0.034002 seconds .

========================================================================
Received Import Request.
  Time since last request: 9.127861 seconds.
  path: Assets/Sprites/Martial Hero/Death.png
  artifactKey: Guid(a15fc1a2f6a2f84458d9f74b9720f8f6) Importer(815301076,1909f56bfc062723c751e8b465ee728b)
Start importing Assets/Sprites/Martial Hero/Death.png using Guid(a15fc1a2f6a2f84458d9f74b9720f8f6) Importer(815301076,1909f56bfc062723c751e8b465ee728b)  -> (artifact id: 'f949ebebdf0e48c08ded2c14fc71703a') in 0.031896 seconds 
  Import took 0.148488 seconds .

========================================================================
Received Import Request.
  Time since last request: 15.956453 seconds.
  path: Assets/Sprites/Martial Hero/Death.png
  artifactKey: Guid(a15fc1a2f6a2f84458d9f74b9720f8f6) Importer(815301076,1909f56bfc062723c751e8b465ee728b)
Start importing Assets/Sprites/Martial Hero/Death.png using Guid(a15fc1a2f6a2f84458d9f74b9720f8f6) Importer(815301076,1909f56bfc062723c751e8b465ee728b)  -> (artifact id: '6d4621ed3cba9d2b624ff7f64f78b4e1') in 0.028368 seconds 
  Import took 0.032270 seconds .

========================================================================
Received Import Request.
  Time since last request: 2293.152313 seconds.
  path: Assets/Sprites/Martial Hero/Death.png
  artifactKey: Guid(a15fc1a2f6a2f84458d9f74b9720f8f6) Importer(815301076,1909f56bfc062723c751e8b465ee728b)
Start importing Assets/Sprites/Martial Hero/Death.png using Guid(a15fc1a2f6a2f84458d9f74b9720f8f6) Importer(815301076,1909f56bfc062723c751e8b465ee728b)  -> (artifact id: '6ab79f95efd1c24559af4962974aaecf') in 0.090369 seconds 
  Import took 0.094079 seconds .

========================================================================
Received Import Request.
  Time since last request: 11.398012 seconds.
  path: Assets/Sprites/Martial Hero/Death.png
  artifactKey: Guid(a15fc1a2f6a2f84458d9f74b9720f8f6) Importer(815301076,1909f56bfc062723c751e8b465ee728b)
Start importing Assets/Sprites/Martial Hero/Death.png using Guid(a15fc1a2f6a2f84458d9f74b9720f8f6) Importer(815301076,1909f56bfc062723c751e8b465ee728b)  -> (artifact id: 'bf8932faf295e927099201915b916a5d') in 0.030122 seconds 
  Import took 0.034378 seconds .

========================================================================
Received Import Request.
  Time since last request: 3.500380 seconds.
  path: Assets/Sprites/Martial Hero/Death.png
  artifactKey: Guid(a15fc1a2f6a2f84458d9f74b9720f8f6) Importer(815301076,1909f56bfc062723c751e8b465ee728b)
Start importing Assets/Sprites/Martial Hero/Death.png using Guid(a15fc1a2f6a2f84458d9f74b9720f8f6) Importer(815301076,1909f56bfc062723c751e8b465ee728b)  -> (artifact id: 'd2727d631405e27976315bf0e968ed40') in 0.102254 seconds 
  Import took 0.117016 seconds .

========================================================================
Received Import Request.
  Time since last request: 3.346642 seconds.
  path: Assets/Sprites/Martial Hero/Death.png
  artifactKey: Guid(a15fc1a2f6a2f84458d9f74b9720f8f6) Importer(815301076,1909f56bfc062723c751e8b465ee728b)
Start importing Assets/Sprites/Martial Hero/Death.png using Guid(a15fc1a2f6a2f84458d9f74b9720f8f6) Importer(815301076,1909f56bfc062723c751e8b465ee728b)  -> (artifact id: '88439250de05027f59233d7b90dedc7b') in 0.100127 seconds 
  Import took 0.112649 seconds .

========================================================================
Received Import Request.
  Time since last request: 4.209639 seconds.
  path: Assets/Sprites/Martial Hero/Death.png
  artifactKey: Guid(a15fc1a2f6a2f84458d9f74b9720f8f6) Importer(815301076,1909f56bfc062723c751e8b465ee728b)
Start importing Assets/Sprites/Martial Hero/Death.png using Guid(a15fc1a2f6a2f84458d9f74b9720f8f6) Importer(815301076,1909f56bfc062723c751e8b465ee728b)  -> (artifact id: '58a212e2942ed85b3c9e35cece20967c') in 0.032385 seconds 
  Import took 0.036448 seconds .

========================================================================
Received Import Request.
  Time since last request: 30.033088 seconds.
  path: Assets/Sprites/Martial Hero/Death.png
  artifactKey: Guid(a15fc1a2f6a2f84458d9f74b9720f8f6) Importer(815301076,1909f56bfc062723c751e8b465ee728b)
Start importing Assets/Sprites/Martial Hero/Death.png using Guid(a15fc1a2f6a2f84458d9f74b9720f8f6) Importer(815301076,1909f56bfc062723c751e8b465ee728b)  -> (artifact id: '908cf0c73df7d8becc49fcb2cca408f1') in 0.034001 seconds 
  Import took 0.038469 seconds .

========================================================================
Received Import Request.
  Time since last request: 8.019572 seconds.
  path: Assets/Sprites/Martial Hero/Death.png
  artifactKey: Guid(a15fc1a2f6a2f84458d9f74b9720f8f6) Importer(815301076,1909f56bfc062723c751e8b465ee728b)
Start importing Assets/Sprites/Martial Hero/Death.png using Guid(a15fc1a2f6a2f84458d9f74b9720f8f6) Importer(815301076,1909f56bfc062723c751e8b465ee728b)  -> (artifact id: 'f32c9644d989a18fe4a837ecff21f573') in 0.030028 seconds 
  Import took 0.033443 seconds .

========================================================================
Received Import Request.
  Time since last request: 9.152532 seconds.
  path: Assets/Sprites/Martial Hero/Death.png
  artifactKey: Guid(a15fc1a2f6a2f84458d9f74b9720f8f6) Importer(815301076,1909f56bfc062723c751e8b465ee728b)
Start importing Assets/Sprites/Martial Hero/Death.png using Guid(a15fc1a2f6a2f84458d9f74b9720f8f6) Importer(815301076,1909f56bfc062723c751e8b465ee728b)  -> (artifact id: '358cfe1f28c8005ff79dd3ab2433cd0c') in 0.028874 seconds 
  Import took 0.032789 seconds .

========================================================================
Received Import Request.
  Time since last request: 45.933371 seconds.
  path: Assets/Sprites/Martial Hero/Death.png
  artifactKey: Guid(a15fc1a2f6a2f84458d9f74b9720f8f6) Importer(815301076,1909f56bfc062723c751e8b465ee728b)
Start importing Assets/Sprites/Martial Hero/Death.png using Guid(a15fc1a2f6a2f84458d9f74b9720f8f6) Importer(815301076,1909f56bfc062723c751e8b465ee728b)  -> (artifact id: 'b1857e2c7d75bde3598005c6688fe96d') in 0.028306 seconds 
  Import took 0.032122 seconds .

========================================================================
Received Import Request.
  Time since last request: 14.256985 seconds.
  path: Assets/Sprites/Martial Hero/Death.png
  artifactKey: Guid(a15fc1a2f6a2f84458d9f74b9720f8f6) Importer(815301076,1909f56bfc062723c751e8b465ee728b)
Start importing Assets/Sprites/Martial Hero/Death.png using Guid(a15fc1a2f6a2f84458d9f74b9720f8f6) Importer(815301076,1909f56bfc062723c751e8b465ee728b)  -> (artifact id: 'ce45d33bfab07f2293b0e7e5b36055a0') in 0.038474 seconds 
  Import took 0.042928 seconds .

========================================================================
Received Import Request.
  Time since last request: 11.442404 seconds.
  path: Assets/Sprites/Martial Hero/Death.png
  artifactKey: Guid(a15fc1a2f6a2f84458d9f74b9720f8f6) Importer(815301076,1909f56bfc062723c751e8b465ee728b)
Start importing Assets/Sprites/Martial Hero/Death.png using Guid(a15fc1a2f6a2f84458d9f74b9720f8f6) Importer(815301076,1909f56bfc062723c751e8b465ee728b)  -> (artifact id: '74e855bc78a0a369e95091d2d7dad01c') in 0.030737 seconds 
  Import took 0.034296 seconds .

========================================================================
Received Import Request.
  Time since last request: 8.750703 seconds.
  path: Assets/Sprites/Martial Hero/Death.png
  artifactKey: Guid(a15fc1a2f6a2f84458d9f74b9720f8f6) Importer(815301076,1909f56bfc062723c751e8b465ee728b)
Start importing Assets/Sprites/Martial Hero/Death.png using Guid(a15fc1a2f6a2f84458d9f74b9720f8f6) Importer(815301076,1909f56bfc062723c751e8b465ee728b)  -> (artifact id: '22753a98c122a5db5368e652bf7df24f') in 0.029296 seconds 
  Import took 0.033656 seconds .

========================================================================
Received Import Request.
  Time since last request: 7.158663 seconds.
  path: Assets/Sprites/Martial Hero/Death.png
  artifactKey: Guid(a15fc1a2f6a2f84458d9f74b9720f8f6) Importer(815301076,1909f56bfc062723c751e8b465ee728b)
Start importing Assets/Sprites/Martial Hero/Death.png using Guid(a15fc1a2f6a2f84458d9f74b9720f8f6) Importer(815301076,1909f56bfc062723c751e8b465ee728b)  -> (artifact id: '7559f12de3d240de47bb5b7d04323f2c') in 0.030769 seconds 
  Import took 0.034095 seconds .

========================================================================
Received Import Request.
  Time since last request: 5.806193 seconds.
  path: Assets/Sprites/Martial Hero/Death.png
  artifactKey: Guid(a15fc1a2f6a2f84458d9f74b9720f8f6) Importer(815301076,1909f56bfc062723c751e8b465ee728b)
Start importing Assets/Sprites/Martial Hero/Death.png using Guid(a15fc1a2f6a2f84458d9f74b9720f8f6) Importer(815301076,1909f56bfc062723c751e8b465ee728b)  -> (artifact id: 'dc8b3fb7b4b29907c3d57a0366dc92cb') in 0.104127 seconds 
  Import took 0.116987 seconds .

========================================================================
Received Import Request.
  Time since last request: 8.455421 seconds.
  path: Assets/Sprites/Martial Hero/Death.png
  artifactKey: Guid(a15fc1a2f6a2f84458d9f74b9720f8f6) Importer(815301076,1909f56bfc062723c751e8b465ee728b)
Start importing Assets/Sprites/Martial Hero/Death.png using Guid(a15fc1a2f6a2f84458d9f74b9720f8f6) Importer(815301076,1909f56bfc062723c751e8b465ee728b)  -> (artifact id: '9c3a49fef41cb28b5e17fa0b13e77305') in 0.030062 seconds 
  Import took 0.034619 seconds .

========================================================================
Received Import Request.
  Time since last request: 11.229230 seconds.
  path: Assets/Sprites/Martial Hero/Death.png
  artifactKey: Guid(a15fc1a2f6a2f84458d9f74b9720f8f6) Importer(815301076,1909f56bfc062723c751e8b465ee728b)
Start importing Assets/Sprites/Martial Hero/Death.png using Guid(a15fc1a2f6a2f84458d9f74b9720f8f6) Importer(815301076,1909f56bfc062723c751e8b465ee728b)  -> (artifact id: '2d4ddb3bfc33e36e41fe8b900c961206') in 0.032390 seconds 
  Import took 0.036366 seconds .

========================================================================
Received Import Request.
  Time since last request: 4.340176 seconds.
  path: Assets/Sprites/Martial Hero/Death.png
  artifactKey: Guid(a15fc1a2f6a2f84458d9f74b9720f8f6) Importer(815301076,1909f56bfc062723c751e8b465ee728b)
Start importing Assets/Sprites/Martial Hero/Death.png using Guid(a15fc1a2f6a2f84458d9f74b9720f8f6) Importer(815301076,1909f56bfc062723c751e8b465ee728b)  -> (artifact id: '3b4fc9a7513229fa592dc4bb7d04067d') in 0.083763 seconds 
  Import took 0.094045 seconds .

========================================================================
Received Import Request.
  Time since last request: 4.354217 seconds.
  path: Assets/Sprites/Martial Hero/Death.png
  artifactKey: Guid(a15fc1a2f6a2f84458d9f74b9720f8f6) Importer(815301076,1909f56bfc062723c751e8b465ee728b)
Start importing Assets/Sprites/Martial Hero/Death.png using Guid(a15fc1a2f6a2f84458d9f74b9720f8f6) Importer(815301076,1909f56bfc062723c751e8b465ee728b)  -> (artifact id: '1cce44b24349f3e170eddd1b4ab3ebb0') in 0.037431 seconds 
  Import took 0.042006 seconds .

========================================================================
Received Import Request.
  Time since last request: 10.124637 seconds.
  path: Assets/Sprites/Martial Hero/Death.png
  artifactKey: Guid(a15fc1a2f6a2f84458d9f74b9720f8f6) Importer(815301076,1909f56bfc062723c751e8b465ee728b)
Start importing Assets/Sprites/Martial Hero/Death.png using Guid(a15fc1a2f6a2f84458d9f74b9720f8f6) Importer(815301076,1909f56bfc062723c751e8b465ee728b)  -> (artifact id: 'bf61bde0622ce965ee1a9b5909e1c1d3') in 0.031936 seconds 
  Import took 0.035779 seconds .

========================================================================
Received Import Request.
  Time since last request: 70.897447 seconds.
  path: Assets/Sprites/Martial Hero/Death.png
  artifactKey: Guid(a15fc1a2f6a2f84458d9f74b9720f8f6) Importer(815301076,1909f56bfc062723c751e8b465ee728b)
Start importing Assets/Sprites/Martial Hero/Death.png using Guid(a15fc1a2f6a2f84458d9f74b9720f8f6) Importer(815301076,1909f56bfc062723c751e8b465ee728b)  -> (artifact id: 'ca1516e584b6441078b92d2a9388145b') in 0.029724 seconds 
  Import took 0.033370 seconds .

========================================================================
Received Import Request.
  Time since last request: 10.106369 seconds.
  path: Assets/Sprites/Martial Hero/Death.png
  artifactKey: Guid(a15fc1a2f6a2f84458d9f74b9720f8f6) Importer(815301076,1909f56bfc062723c751e8b465ee728b)
Start importing Assets/Sprites/Martial Hero/Death.png using Guid(a15fc1a2f6a2f84458d9f74b9720f8f6) Importer(815301076,1909f56bfc062723c751e8b465ee728b)  -> (artifact id: 'cb64afd16c40afa4c1a372c4b0c543ea') in 0.032967 seconds 
  Import took 0.037306 seconds .

========================================================================
Received Import Request.
  Time since last request: 11.398682 seconds.
  path: Assets/Sprites/Martial Hero/Death.png
  artifactKey: Guid(a15fc1a2f6a2f84458d9f74b9720f8f6) Importer(815301076,1909f56bfc062723c751e8b465ee728b)
Start importing Assets/Sprites/Martial Hero/Death.png using Guid(a15fc1a2f6a2f84458d9f74b9720f8f6) Importer(815301076,1909f56bfc062723c751e8b465ee728b)  -> (artifact id: '9887e8d82befb42bea8950ca8eeec4dc') in 0.029405 seconds 
  Import took 0.033309 seconds .

========================================================================
Received Import Request.
  Time since last request: 26.096355 seconds.
  path: Assets/Sprites/Martial Hero/Death.png
  artifactKey: Guid(a15fc1a2f6a2f84458d9f74b9720f8f6) Importer(815301076,1909f56bfc062723c751e8b465ee728b)
Start importing Assets/Sprites/Martial Hero/Death.png using Guid(a15fc1a2f6a2f84458d9f74b9720f8f6) Importer(815301076,1909f56bfc062723c751e8b465ee728b)  -> (artifact id: '03fb877a0fbeae9d47c34a0d1e64de7b') in 0.027661 seconds 
  Import took 0.031480 seconds .

========================================================================
Received Import Request.
  Time since last request: 4.596236 seconds.
  path: Assets/Sprites/Martial Hero/Death.png
  artifactKey: Guid(a15fc1a2f6a2f84458d9f74b9720f8f6) Importer(815301076,1909f56bfc062723c751e8b465ee728b)
Start importing Assets/Sprites/Martial Hero/Death.png using Guid(a15fc1a2f6a2f84458d9f74b9720f8f6) Importer(815301076,1909f56bfc062723c751e8b465ee728b)  -> (artifact id: '273f578700742b72b88b71cdc8ee327b') in 0.066090 seconds 
  Import took 0.074940 seconds .

========================================================================
Received Import Request.
  Time since last request: 5.457536 seconds.
  path: Assets/Sprites/Martial Hero/Death.png
  artifactKey: Guid(a15fc1a2f6a2f84458d9f74b9720f8f6) Importer(815301076,1909f56bfc062723c751e8b465ee728b)
Start importing Assets/Sprites/Martial Hero/Death.png using Guid(a15fc1a2f6a2f84458d9f74b9720f8f6) Importer(815301076,1909f56bfc062723c751e8b465ee728b)  -> (artifact id: 'aec1e1f208de16dea66ae138d274f3df') in 0.029072 seconds 
  Import took 0.033367 seconds .

========================================================================
Received Import Request.
  Time since last request: 22.127892 seconds.
  path: Assets/Sprites/Martial Hero/Death.png
  artifactKey: Guid(a15fc1a2f6a2f84458d9f74b9720f8f6) Importer(815301076,1909f56bfc062723c751e8b465ee728b)
Start importing Assets/Sprites/Martial Hero/Death.png using Guid(a15fc1a2f6a2f84458d9f74b9720f8f6) Importer(815301076,1909f56bfc062723c751e8b465ee728b)  -> (artifact id: '661a457f6aecf3ac77cadd06c8fcc3f0') in 0.035087 seconds 
  Import took 0.039091 seconds .

========================================================================
Received Import Request.
  Time since last request: 9.310965 seconds.
  path: Assets/Sprites/Martial Hero/Death.png
  artifactKey: Guid(a15fc1a2f6a2f84458d9f74b9720f8f6) Importer(815301076,1909f56bfc062723c751e8b465ee728b)
Start importing Assets/Sprites/Martial Hero/Death.png using Guid(a15fc1a2f6a2f84458d9f74b9720f8f6) Importer(815301076,1909f56bfc062723c751e8b465ee728b)  -> (artifact id: 'bb3d6066424e33e43b3fe64f827e2473') in 0.032363 seconds 
  Import took 0.036036 seconds .

========================================================================
Received Import Request.
  Time since last request: 12.962032 seconds.
  path: Assets/Sprites/Martial Hero/Death.png
  artifactKey: Guid(a15fc1a2f6a2f84458d9f74b9720f8f6) Importer(815301076,1909f56bfc062723c751e8b465ee728b)
Start importing Assets/Sprites/Martial Hero/Death.png using Guid(a15fc1a2f6a2f84458d9f74b9720f8f6) Importer(815301076,1909f56bfc062723c751e8b465ee728b)  -> (artifact id: '511d39babd60829e6dc3bd52e00d923b') in 0.032610 seconds 
  Import took 0.036684 seconds .

========================================================================
Received Import Request.
  Time since last request: 114.319837 seconds.
  path: Assets/Sprites/Martial Hero/Death.png
  artifactKey: Guid(a15fc1a2f6a2f84458d9f74b9720f8f6) Importer(815301076,1909f56bfc062723c751e8b465ee728b)
Start importing Assets/Sprites/Martial Hero/Death.png using Guid(a15fc1a2f6a2f84458d9f74b9720f8f6) Importer(815301076,1909f56bfc062723c751e8b465ee728b)  -> (artifact id: '404ae9bc8c3559a45711b07fb4e09eee') in 0.039498 seconds 
  Import took 0.043544 seconds .

========================================================================
Received Import Request.
  Time since last request: 5.953554 seconds.
  path: Assets/Sprites/Martial Hero/Death.png
  artifactKey: Guid(a15fc1a2f6a2f84458d9f74b9720f8f6) Importer(815301076,1909f56bfc062723c751e8b465ee728b)
Start importing Assets/Sprites/Martial Hero/Death.png using Guid(a15fc1a2f6a2f84458d9f74b9720f8f6) Importer(815301076,1909f56bfc062723c751e8b465ee728b)  -> (artifact id: 'f9b79b39fa4e767f6d3e24a200de7b6a') in 0.032484 seconds 
  Import took 0.036487 seconds .

========================================================================
Received Import Request.
  Time since last request: 23.252607 seconds.
  path: Assets/Sprites/Martial Hero/Death.png
  artifactKey: Guid(a15fc1a2f6a2f84458d9f74b9720f8f6) Importer(815301076,1909f56bfc062723c751e8b465ee728b)
Start importing Assets/Sprites/Martial Hero/Death.png using Guid(a15fc1a2f6a2f84458d9f74b9720f8f6) Importer(815301076,1909f56bfc062723c751e8b465ee728b)  -> (artifact id: 'fe7255d8327eab20172707ebdee0422a') in 0.031619 seconds 
  Import took 0.035475 seconds .

========================================================================
Received Import Request.
  Time since last request: 12.008126 seconds.
  path: Assets/Sprites/Martial Hero/Death.png
  artifactKey: Guid(a15fc1a2f6a2f84458d9f74b9720f8f6) Importer(815301076,1909f56bfc062723c751e8b465ee728b)
Start importing Assets/Sprites/Martial Hero/Death.png using Guid(a15fc1a2f6a2f84458d9f74b9720f8f6) Importer(815301076,1909f56bfc062723c751e8b465ee728b)  -> (artifact id: 'dfc2be47145e6f30dda74620f74f8554') in 0.031141 seconds 
  Import took 0.034802 seconds .

========================================================================
Received Import Request.
  Time since last request: 35.629825 seconds.
  path: Assets/Sprites/Martial Hero/Death.png
  artifactKey: Guid(a15fc1a2f6a2f84458d9f74b9720f8f6) Importer(815301076,1909f56bfc062723c751e8b465ee728b)
Start importing Assets/Sprites/Martial Hero/Death.png using Guid(a15fc1a2f6a2f84458d9f74b9720f8f6) Importer(815301076,1909f56bfc062723c751e8b465ee728b)  -> (artifact id: 'cd82bcfc63c9b855967eb345774e0a70') in 0.032256 seconds 
  Import took 0.036299 seconds .

========================================================================
Received Import Request.
  Time since last request: 11.470194 seconds.
  path: Assets/Sprites/Martial Hero/Death.png
  artifactKey: Guid(a15fc1a2f6a2f84458d9f74b9720f8f6) Importer(815301076,1909f56bfc062723c751e8b465ee728b)
Start importing Assets/Sprites/Martial Hero/Death.png using Guid(a15fc1a2f6a2f84458d9f74b9720f8f6) Importer(815301076,1909f56bfc062723c751e8b465ee728b)  -> (artifact id: '847a643a1c75579c9ac756aa96575079') in 0.032463 seconds 
  Import took 0.036304 seconds .

========================================================================
Received Import Request.
  Time since last request: 11.417122 seconds.
  path: Assets/Sprites/Martial Hero/Death.png
  artifactKey: Guid(a15fc1a2f6a2f84458d9f74b9720f8f6) Importer(815301076,1909f56bfc062723c751e8b465ee728b)
Start importing Assets/Sprites/Martial Hero/Death.png using Guid(a15fc1a2f6a2f84458d9f74b9720f8f6) Importer(815301076,1909f56bfc062723c751e8b465ee728b)  -> (artifact id: '9bbe4f0bc159573f7bba95ff9bbed0a4') in 0.034142 seconds 
  Import took 0.038342 seconds .

========================================================================
Received Import Request.
  Time since last request: 8.951334 seconds.
  path: Assets/Sprites/Martial Hero/Death.png
  artifactKey: Guid(a15fc1a2f6a2f84458d9f74b9720f8f6) Importer(815301076,1909f56bfc062723c751e8b465ee728b)
Start importing Assets/Sprites/Martial Hero/Death.png using Guid(a15fc1a2f6a2f84458d9f74b9720f8f6) Importer(815301076,1909f56bfc062723c751e8b465ee728b)  -> (artifact id: '8af0b5a1c0b5e8a0747592b69dca6918') in 0.031641 seconds 
  Import took 0.035081 seconds .

========================================================================
Received Import Request.
  Time since last request: 14.221679 seconds.
  path: Assets/Sprites/Martial Hero/Death.png
  artifactKey: Guid(a15fc1a2f6a2f84458d9f74b9720f8f6) Importer(815301076,1909f56bfc062723c751e8b465ee728b)
Start importing Assets/Sprites/Martial Hero/Death.png using Guid(a15fc1a2f6a2f84458d9f74b9720f8f6) Importer(815301076,1909f56bfc062723c751e8b465ee728b)  -> (artifact id: '21adbce660f4ef2a8706aab5ce75a672') in 0.027368 seconds 
  Import took 0.030759 seconds .

========================================================================
Received Import Request.
  Time since last request: 7.549000 seconds.
  path: Assets/Sprites/Martial Hero/Death.png
  artifactKey: Guid(a15fc1a2f6a2f84458d9f74b9720f8f6) Importer(815301076,1909f56bfc062723c751e8b465ee728b)
Start importing Assets/Sprites/Martial Hero/Death.png using Guid(a15fc1a2f6a2f84458d9f74b9720f8f6) Importer(815301076,1909f56bfc062723c751e8b465ee728b)  -> (artifact id: '1b3e34467ecb886fae9951e5bc8d5a3d') in 0.122089 seconds 
  Import took 0.139186 seconds .

========================================================================
Received Import Request.
  Time since last request: 10.430137 seconds.
  path: Assets/Sprites/Martial Hero/Death.png
  artifactKey: Guid(a15fc1a2f6a2f84458d9f74b9720f8f6) Importer(815301076,1909f56bfc062723c751e8b465ee728b)
Start importing Assets/Sprites/Martial Hero/Death.png using Guid(a15fc1a2f6a2f84458d9f74b9720f8f6) Importer(815301076,1909f56bfc062723c751e8b465ee728b)  -> (artifact id: 'e2582341f424b4dfd3a371964355012a') in 0.030568 seconds 
  Import took 0.034832 seconds .

========================================================================
Received Import Request.
  Time since last request: 34.309353 seconds.
  path: Assets/Sprites/Martial Hero/Death.png
  artifactKey: Guid(a15fc1a2f6a2f84458d9f74b9720f8f6) Importer(815301076,1909f56bfc062723c751e8b465ee728b)
Start importing Assets/Sprites/Martial Hero/Death.png using Guid(a15fc1a2f6a2f84458d9f74b9720f8f6) Importer(815301076,1909f56bfc062723c751e8b465ee728b)  -> (artifact id: '26b9b122ba320f1d7e54384fc943effa') in 0.029050 seconds 
  Import took 0.032483 seconds .

========================================================================
Received Import Request.
  Time since last request: 5.720868 seconds.
  path: Assets/Sprites/Martial Hero/Death.png
  artifactKey: Guid(a15fc1a2f6a2f84458d9f74b9720f8f6) Importer(815301076,1909f56bfc062723c751e8b465ee728b)
Start importing Assets/Sprites/Martial Hero/Death.png using Guid(a15fc1a2f6a2f84458d9f74b9720f8f6) Importer(815301076,1909f56bfc062723c751e8b465ee728b)  -> (artifact id: '29553abaf0d77b3b178e3d06ae06340e') in 0.033814 seconds 
  Import took 0.038155 seconds .

========================================================================
Received Import Request.
  Time since last request: 5.412300 seconds.
  path: Assets/Sprites/Martial Hero/Death.png
  artifactKey: Guid(a15fc1a2f6a2f84458d9f74b9720f8f6) Importer(815301076,1909f56bfc062723c751e8b465ee728b)
Start importing Assets/Sprites/Martial Hero/Death.png using Guid(a15fc1a2f6a2f84458d9f74b9720f8f6) Importer(815301076,1909f56bfc062723c751e8b465ee728b)  -> (artifact id: '4092f2aded6e66b5eff0eb0e33821c62') in 0.049715 seconds 
  Import took 0.055772 seconds .

========================================================================
Received Import Request.
  Time since last request: 9.664939 seconds.
  path: Assets/Sprites/Martial Hero/Death.png
  artifactKey: Guid(a15fc1a2f6a2f84458d9f74b9720f8f6) Importer(815301076,1909f56bfc062723c751e8b465ee728b)
Start importing Assets/Sprites/Martial Hero/Death.png using Guid(a15fc1a2f6a2f84458d9f74b9720f8f6) Importer(815301076,1909f56bfc062723c751e8b465ee728b)  -> (artifact id: 'e0e4d13bba26552dc8cd517a464c361e') in 0.031332 seconds 
  Import took 0.035217 seconds .

========================================================================
Received Import Request.
  Time since last request: 3.860740 seconds.
  path: Assets/Sprites/Martial Hero/Death.png
  artifactKey: Guid(a15fc1a2f6a2f84458d9f74b9720f8f6) Importer(815301076,1909f56bfc062723c751e8b465ee728b)
Start importing Assets/Sprites/Martial Hero/Death.png using Guid(a15fc1a2f6a2f84458d9f74b9720f8f6) Importer(815301076,1909f56bfc062723c751e8b465ee728b)  -> (artifact id: '8d25383776d2d8b9e194d93b94a6bad5') in 0.030102 seconds 
  Import took 0.033386 seconds .

========================================================================
Received Import Request.
  Time since last request: 16.186187 seconds.
  path: Assets/Sprites/Martial Hero/Death.png
  artifactKey: Guid(a15fc1a2f6a2f84458d9f74b9720f8f6) Importer(815301076,1909f56bfc062723c751e8b465ee728b)
Start importing Assets/Sprites/Martial Hero/Death.png using Guid(a15fc1a2f6a2f84458d9f74b9720f8f6) Importer(815301076,1909f56bfc062723c751e8b465ee728b)  -> (artifact id: '9799969dd30ba7227f964d6f7ae64b04') in 0.032807 seconds 
  Import took 0.036876 seconds .

========================================================================
Received Import Request.
  Time since last request: 7.300232 seconds.
  path: Assets/Sprites/Martial Hero/Death.png
  artifactKey: Guid(a15fc1a2f6a2f84458d9f74b9720f8f6) Importer(815301076,1909f56bfc062723c751e8b465ee728b)
Start importing Assets/Sprites/Martial Hero/Death.png using Guid(a15fc1a2f6a2f84458d9f74b9720f8f6) Importer(815301076,1909f56bfc062723c751e8b465ee728b)  -> (artifact id: 'bcbd97434175c9bf6e2a82d135068289') in 0.036327 seconds 
  Import took 0.040550 seconds .

========================================================================
Received Import Request.
  Time since last request: 9.179078 seconds.
  path: Assets/Sprites/Martial Hero/Death.png
  artifactKey: Guid(a15fc1a2f6a2f84458d9f74b9720f8f6) Importer(815301076,1909f56bfc062723c751e8b465ee728b)
Start importing Assets/Sprites/Martial Hero/Death.png using Guid(a15fc1a2f6a2f84458d9f74b9720f8f6) Importer(815301076,1909f56bfc062723c751e8b465ee728b)  -> (artifact id: 'fa5b486fe2b8b5b20c7c3e6ed8b1e6a0') in 0.028472 seconds 
  Import took 0.032758 seconds .

========================================================================
Received Prepare
Registering precompiled user dll's ...
Registered in 0.018467 seconds.
Begin MonoManager ReloadAssembly
Native extension for WindowsStandalone target not found
Native extension for WebGL target not found
Refreshing native plugins compatible for Editor in 0.46 ms, found 3 plugins.
Preloading 0 native plugins for Editor in 0.00 ms.
Mono: successfully reloaded assembly
- Completed reload, in  1.030 seconds
Domain Reload Profiling:
	ReloadAssembly (1030ms)
		BeginReloadAssembly (110ms)
			ExecutionOrderSort (0ms)
			DisableScriptedObjects (6ms)
			BackupInstance (0ms)
			ReleaseScriptingObjects (0ms)
			CreateAndSetChildDomain (35ms)
		EndReloadAssembly (865ms)
			LoadAssemblies (80ms)
			RebuildTransferFunctionScriptingTraits (0ms)
			SetupTypeCache (276ms)
			ReleaseScriptCaches (1ms)
			RebuildScriptCaches (38ms)
			SetupLoadedEditorAssemblies (362ms)
				LogAssemblyErrors (0ms)
				InitializePlatformSupportModulesInManaged (6ms)
				SetLoadedEditorAssemblies (0ms)
				RefreshPlugins (1ms)
				BeforeProcessingInitializeOnLoad (85ms)
				ProcessInitializeOnLoadAttributes (260ms)
				ProcessInitializeOnLoadMethodAttributes (4ms)
				AfterProcessingInitializeOnLoad (6ms)
				EditorAssembliesLoaded (0ms)
			ExecutionOrderSort2 (0ms)
			AwakeInstancesAfterBackupRestoration (10ms)
Platform modules already initialized, skipping
Refreshing native plugins compatible for Editor in 1.33 ms, found 3 plugins.
Preloading 0 native plugins for Editor in 0.00 ms.
Unloading 2085 Unused Serialized files (Serialized files now loaded: 0)
System memory in use before: 96.1 MB.
System memory in use after: 96.0 MB.

Unloading 21 unused Assets to reduce memory usage. Loaded Objects now: 2546.
Total: 8.453800 ms (FindLiveObjects: 0.559400 ms CreateObjectMapping: 0.329300 ms MarkObjects: 7.234600 ms  DeleteObjects: 0.325800 ms)

AssetImportParameters requested are different than current active one (requested -> active):
  custom:framework-win-MediaFoundation: 216162199b28c13a410421893ffa2e32 -> 
  custom:video-decoder-ogg-theora: a1e56fd34408186e4bbccfd4996cb3dc -> 
  custom:container-muxer-webm: aa71ff27fc2769a1b78a27578f13a17b -> 
  custom:container-demuxer-webm: 4f35f7cbe854078d1ac9338744f61a02 -> 
  custom:container-demuxer-ogg: 62fdf1f143b41e24485cea50d1cbac27 -> 
  custom:video-encoder-webm-vp8: eb34c28f22e8b96e1ab97ce403110664 -> 
  custom:video-decoder-webm-vp8: 9c59270c3fd7afecdb556c50c9e8de78 -> 
  custom:audio-decoder-ogg-vorbis: bf7c407c2cedff20999df2af8eb42d56 -> 
  custom:audio-encoder-webm-vorbis: bf7c407c2cedff20999df2af8eb42d56 -> 
